<?xml version="1.0" encoding="UTF-8"?>
<!-- Generated by org.testng.reporters.JUnitXMLReporter -->
<testsuite hostname="LAPTOP-EL4UOI4O" ignored="0" name="Default test" tests="4" failures="0" timestamp="2020-02-02T11:24:09 IST" time="81.037" errors="0">
  <testcase name="Tc1" time="16.868" classname="p1.Dprov"/>
  <testcase name="Tc1" time="18.617" classname="p1.Dprov"/>
  <testcase name="Tc1" time="18.504" classname="p1.Dprov"/>
  <testcase name="Tc1" time="26.978" classname="p1.Dprov"/>
</testsuite> <!-- Default test -->
