<?xml version="1.0" encoding="UTF-8"?>
<testng-results skipped="0" failed="0" ignored="0" total="1" passed="1">
  <reporter-output>
  </reporter-output>
  <suite name="Default suite" duration-ms="9764" started-at="2020-02-01T11:51:58 IST" finished-at="2020-02-01T11:52:08 IST">
    <groups>
      <group name="login">
        <method signature="cls.f()[pri:1, instance:pckg.cls@6d7b4f4c]" name="f" class="pckg.cls"/>
      </group> <!-- login -->
    </groups>
    <test name="Default test" duration-ms="9764" started-at="2020-02-01T11:51:58 IST" finished-at="2020-02-01T11:52:08 IST">
      <class name="pckg.cls">
        <test-method status="PASS" signature="beforeMethod()[pri:0, instance:pckg.cls@6d7b4f4c]" name="beforeMethod" is-config="true" duration-ms="7958" started-at="2020-02-01T11:51:58 IST" finished-at="2020-02-01T11:52:06 IST">
          <reporter-output>
          </reporter-output>
        </test-method> <!-- beforeMethod -->
        <test-method status="PASS" signature="f()[pri:1, instance:pckg.cls@6d7b4f4c]" name="f" duration-ms="1748" started-at="2020-02-01T11:52:06 IST" finished-at="2020-02-01T11:52:08 IST">
          <reporter-output>
          </reporter-output>
        </test-method> <!-- f -->
        <test-method status="PASS" signature="afterMethod()[pri:0, instance:pckg.cls@6d7b4f4c]" name="afterMethod" is-config="true" duration-ms="1" started-at="2020-02-01T11:52:08 IST" finished-at="2020-02-01T11:52:08 IST">
          <reporter-output>
          </reporter-output>
        </test-method> <!-- afterMethod -->
      </class> <!-- pckg.cls -->
    </test> <!-- Default test -->
  </suite> <!-- Default suite -->
</testng-results>
