<?xml version="1.0" encoding="UTF-8"?>
<testng-results skipped="0" failed="0" ignored="0" total="4" passed="4">
  <reporter-output>
  </reporter-output>
  <suite name="Default suite" duration-ms="81037" started-at="2020-02-02T11:22:48 IST" finished-at="2020-02-02T11:24:09 IST">
    <groups>
    </groups>
    <test name="Default test" duration-ms="81037" started-at="2020-02-02T11:22:48 IST" finished-at="2020-02-02T11:24:09 IST">
      <class name="p1.Dprov">
        <test-method status="PASS" signature="Tc1(java.lang.String, java.lang.String)[pri:0, instance:p1.Dprov@2286778]" name="Tc1" duration-ms="16868" started-at="2020-02-02T11:22:48 IST" data-provider="LoginCredentials" finished-at="2020-02-02T11:23:04 IST">
          <params>
            <param index="0">
              <value>
                <![CDATA[qaplanet1]]>
              </value>
            </param>
            <param index="1">
              <value>
                <![CDATA[lab1]]>
              </value>
            </param>
          </params>
          <reporter-output>
          </reporter-output>
        </test-method> <!-- Tc1 -->
        <test-method status="PASS" signature="Tc1(java.lang.String, java.lang.String)[pri:0, instance:p1.Dprov@2286778]" name="Tc1" duration-ms="18617" started-at="2020-02-02T11:23:04 IST" data-provider="LoginCredentials" finished-at="2020-02-02T11:23:23 IST">
          <params>
            <param index="0">
              <value>
                <![CDATA[qaplanet1]]>
              </value>
            </param>
            <param index="1">
              <value>
                <![CDATA[lab1]]>
              </value>
            </param>
          </params>
          <reporter-output>
          </reporter-output>
        </test-method> <!-- Tc1 -->
        <test-method status="PASS" signature="Tc1(java.lang.String, java.lang.String)[pri:0, instance:p1.Dprov@2286778]" name="Tc1" duration-ms="18504" started-at="2020-02-02T11:23:23 IST" data-provider="LoginCredentials" finished-at="2020-02-02T11:23:42 IST">
          <params>
            <param index="0">
              <value>
                <![CDATA[qaplanet]]>
              </value>
            </param>
            <param index="1">
              <value>
                <![CDATA[lab1]]>
              </value>
            </param>
          </params>
          <reporter-output>
          </reporter-output>
        </test-method> <!-- Tc1 -->
        <test-method status="PASS" signature="Tc1(java.lang.String, java.lang.String)[pri:0, instance:p1.Dprov@2286778]" name="Tc1" duration-ms="26978" started-at="2020-02-02T11:23:42 IST" data-provider="LoginCredentials" finished-at="2020-02-02T11:24:09 IST">
          <params>
            <param index="0">
              <value>
                <![CDATA[qaplanet]]>
              </value>
            </param>
            <param index="1">
              <value>
                <![CDATA[lab1]]>
              </value>
            </param>
          </params>
          <reporter-output>
          </reporter-output>
        </test-method> <!-- Tc1 -->
      </class> <!-- p1.Dprov -->
    </test> <!-- Default test -->
  </suite> <!-- Default suite -->
</testng-results>
